<?xml version="1.0" encoding="UTF-8"?>
<!-- Generated by org.testng.reporters.JUnitXMLReporter -->
<testsuite hostname="TYSS-4F-086" ignored="0" name="Test" tests="2" failures="1" timestamp="26 Oct 2017 10:12:24 GMT" time="42.087" errors="0">
  <testcase name="testCrsftsvillaModule" time="4.487" classname="Script.CrsftsvillaModule"/>
  <testcase name="SigninTest" time="8.331" classname="Script.Signin">
    <failure type="java.lang.AssertionError" message="null">
      <![CDATA[java.lang.AssertionError: null
	at Generic.BasePage.verifyElementPresent(BasePage.java:63)
	at Pom.CraftsvillaSignupPage.clickGoogle(CraftsvillaSignupPage.java:33)
	at Script.Signin.SigninTest(Signin.java:14)
... Removed 27 stack frames]]>
    </failure>
  </testcase> <!-- SigninTest -->
</testsuite> <!-- Test -->
